2022-10-10 22:40:13,653 INFO    StreamThr :3389334 [internal.py:wandb_internal():88] W&B internal server running at pid: 3389334, started at: 2022-10-10 22:40:13.652966
2022-10-10 22:40:13,654 DEBUG   HandlerThread:3389334 [handler.py:handle_request():138] handle_request: status
2022-10-10 22:40:13,656 DEBUG   SenderThread:3389334 [sender.py:send_request():317] send_request: status
2022-10-10 22:40:13,657 DEBUG   SenderThread:3389334 [sender.py:send():303] send: header
2022-10-10 22:40:13,657 INFO    WriterThread:3389334 [datastore.py:open_for_write():75] open: /scratch/gpfs/ashwinee/dp_finetuning/wandb/run-20221010_224013-qmdzwbw8/run-qmdzwbw8.wandb
2022-10-10 22:40:13,657 DEBUG   SenderThread:3389334 [sender.py:send():303] send: run
2022-10-10 22:40:17,134 ERROR   SenderThread:3389334 [retry.py:__call__():154] Retry attempt failed:
Traceback (most recent call last):
  File "/scratch/gpfs/ashwinee/envs/opacus/lib/python3.8/site-packages/urllib3/connection.py", line 174, in _new_conn
    conn = connection.create_connection(
  File "/scratch/gpfs/ashwinee/envs/opacus/lib/python3.8/site-packages/urllib3/util/connection.py", line 72, in create_connection
    for res in socket.getaddrinfo(host, port, family, socket.SOCK_STREAM):
  File "/scratch/gpfs/ashwinee/envs/opacus/lib/python3.8/socket.py", line 918, in getaddrinfo
    for res in _socket.getaddrinfo(host, port, family, type, proto, flags):
socket.gaierror: [Errno -2] Name or service not known

During handling of the above exception, another exception occurred:

Traceback (most recent call last):
  File "/scratch/gpfs/ashwinee/envs/opacus/lib/python3.8/site-packages/urllib3/connectionpool.py", line 703, in urlopen
    httplib_response = self._make_request(
  File "/scratch/gpfs/ashwinee/envs/opacus/lib/python3.8/site-packages/urllib3/connectionpool.py", line 386, in _make_request
    self._validate_conn(conn)
  File "/scratch/gpfs/ashwinee/envs/opacus/lib/python3.8/site-packages/urllib3/connectionpool.py", line 1042, in _validate_conn
    conn.connect()
  File "/scratch/gpfs/ashwinee/envs/opacus/lib/python3.8/site-packages/urllib3/connection.py", line 358, in connect
    self.sock = conn = self._new_conn()
  File "/scratch/gpfs/ashwinee/envs/opacus/lib/python3.8/site-packages/urllib3/connection.py", line 186, in _new_conn
    raise NewConnectionError(
urllib3.exceptions.NewConnectionError: <urllib3.connection.HTTPSConnection object at 0x1550b66ab640>: Failed to establish a new connection: [Errno -2] Name or service not known

During handling of the above exception, another exception occurred:

Traceback (most recent call last):
  File "/scratch/gpfs/ashwinee/envs/opacus/lib/python3.8/site-packages/requests/adapters.py", line 489, in send
    resp = conn.urlopen(
  File "/scratch/gpfs/ashwinee/envs/opacus/lib/python3.8/site-packages/urllib3/connectionpool.py", line 787, in urlopen
    retries = retries.increment(
  File "/scratch/gpfs/ashwinee/envs/opacus/lib/python3.8/site-packages/urllib3/util/retry.py", line 592, in increment
    raise MaxRetryError(_pool, url, error or ResponseError(cause))
urllib3.exceptions.MaxRetryError: HTTPSConnectionPool(host='api.wandb.ai', port=443): Max retries exceeded with url: /graphql (Caused by NewConnectionError('<urllib3.connection.HTTPSConnection object at 0x1550b66ab640>: Failed to establish a new connection: [Errno -2] Name or service not known'))

During handling of the above exception, another exception occurred:

Traceback (most recent call last):
  File "/scratch/gpfs/ashwinee/envs/opacus/lib/python3.8/site-packages/wandb/sdk/lib/retry.py", line 113, in __call__
    result = self._call_fn(*args, **kwargs)
  File "/scratch/gpfs/ashwinee/envs/opacus/lib/python3.8/site-packages/wandb/sdk/internal/internal_api.py", line 213, in execute
    return self.client.execute(*args, **kwargs)  # type: ignore
  File "/scratch/gpfs/ashwinee/envs/opacus/lib/python3.8/site-packages/wandb/vendor/gql-0.2.0/wandb_gql/client.py", line 52, in execute
    result = self._get_result(document, *args, **kwargs)
  File "/scratch/gpfs/ashwinee/envs/opacus/lib/python3.8/site-packages/wandb/vendor/gql-0.2.0/wandb_gql/client.py", line 60, in _get_result
    return self.transport.execute(document, *args, **kwargs)
  File "/scratch/gpfs/ashwinee/envs/opacus/lib/python3.8/site-packages/wandb/vendor/gql-0.2.0/wandb_gql/transport/requests.py", line 38, in execute
    request = requests.post(self.url, **post_args)
  File "/scratch/gpfs/ashwinee/envs/opacus/lib/python3.8/site-packages/requests/api.py", line 115, in post
    return request("post", url, data=data, json=json, **kwargs)
  File "/scratch/gpfs/ashwinee/envs/opacus/lib/python3.8/site-packages/requests/api.py", line 59, in request
    return session.request(method=method, url=url, **kwargs)
  File "/scratch/gpfs/ashwinee/envs/opacus/lib/python3.8/site-packages/requests/sessions.py", line 587, in request
    resp = self.send(prep, **send_kwargs)
  File "/scratch/gpfs/ashwinee/envs/opacus/lib/python3.8/site-packages/requests/sessions.py", line 701, in send
    r = adapter.send(request, **kwargs)
  File "/scratch/gpfs/ashwinee/envs/opacus/lib/python3.8/site-packages/requests/adapters.py", line 565, in send
    raise ConnectionError(e, request=request)
requests.exceptions.ConnectionError: HTTPSConnectionPool(host='api.wandb.ai', port=443): Max retries exceeded with url: /graphql (Caused by NewConnectionError('<urllib3.connection.HTTPSConnection object at 0x1550b66ab640>: Failed to establish a new connection: [Errno -2] Name or service not known'))
2022-10-10 22:40:18,609 DEBUG   HandlerThread:3389334 [handler.py:handle_request():138] handle_request: keepalive
2022-10-10 22:40:23,610 DEBUG   HandlerThread:3389334 [handler.py:handle_request():138] handle_request: keepalive
2022-10-10 22:40:28,611 DEBUG   HandlerThread:3389334 [handler.py:handle_request():138] handle_request: keepalive
2022-10-10 22:40:33,612 DEBUG   HandlerThread:3389334 [handler.py:handle_request():138] handle_request: keepalive
2022-10-10 22:40:38,614 DEBUG   HandlerThread:3389334 [handler.py:handle_request():138] handle_request: keepalive
2022-10-10 22:40:43,615 DEBUG   HandlerThread:3389334 [handler.py:handle_request():138] handle_request: keepalive
2022-10-10 22:40:48,616 DEBUG   HandlerThread:3389334 [handler.py:handle_request():138] handle_request: keepalive
2022-10-10 22:40:53,617 DEBUG   HandlerThread:3389334 [handler.py:handle_request():138] handle_request: keepalive
2022-10-10 22:40:58,618 DEBUG   HandlerThread:3389334 [handler.py:handle_request():138] handle_request: keepalive
2022-10-10 22:41:03,619 DEBUG   HandlerThread:3389334 [handler.py:handle_request():138] handle_request: keepalive
2022-10-10 22:41:08,620 DEBUG   HandlerThread:3389334 [handler.py:handle_request():138] handle_request: keepalive
2022-10-10 22:41:14,646 DEBUG   HandlerThread:3389334 [handler.py:handle_request():138] handle_request: poll_exit
2022-10-10 22:41:19,647 DEBUG   HandlerThread:3389334 [handler.py:handle_request():138] handle_request: keepalive
2022-10-10 22:41:24,648 DEBUG   HandlerThread:3389334 [handler.py:handle_request():138] handle_request: keepalive
2022-10-10 22:41:29,649 DEBUG   HandlerThread:3389334 [handler.py:handle_request():138] handle_request: keepalive
2022-10-10 22:41:34,650 DEBUG   HandlerThread:3389334 [handler.py:handle_request():138] handle_request: keepalive
2022-10-10 22:41:39,651 DEBUG   HandlerThread:3389334 [handler.py:handle_request():138] handle_request: keepalive
2022-10-10 22:41:44,652 DEBUG   HandlerThread:3389334 [handler.py:handle_request():138] handle_request: keepalive
2022-10-10 22:41:49,653 DEBUG   HandlerThread:3389334 [handler.py:handle_request():138] handle_request: keepalive
2022-10-10 22:41:54,654 DEBUG   HandlerThread:3389334 [handler.py:handle_request():138] handle_request: keepalive
2022-10-10 22:41:59,655 DEBUG   HandlerThread:3389334 [handler.py:handle_request():138] handle_request: keepalive
2022-10-10 22:42:04,656 DEBUG   HandlerThread:3389334 [handler.py:handle_request():138] handle_request: keepalive
2022-10-10 22:42:09,657 DEBUG   HandlerThread:3389334 [handler.py:handle_request():138] handle_request: keepalive
2022-10-10 22:42:14,658 DEBUG   HandlerThread:3389334 [handler.py:handle_request():138] handle_request: keepalive
2022-10-10 22:42:19,659 DEBUG   HandlerThread:3389334 [handler.py:handle_request():138] handle_request: keepalive
2022-10-10 22:42:24,660 DEBUG   HandlerThread:3389334 [handler.py:handle_request():138] handle_request: keepalive
2022-10-10 22:42:29,661 DEBUG   HandlerThread:3389334 [handler.py:handle_request():138] handle_request: keepalive
2022-10-10 22:42:34,662 DEBUG   HandlerThread:3389334 [handler.py:handle_request():138] handle_request: keepalive
2022-10-10 22:42:39,663 DEBUG   HandlerThread:3389334 [handler.py:handle_request():138] handle_request: keepalive
2022-10-10 22:42:44,665 DEBUG   HandlerThread:3389334 [handler.py:handle_request():138] handle_request: keepalive
2022-10-10 22:42:49,666 DEBUG   HandlerThread:3389334 [handler.py:handle_request():138] handle_request: keepalive
2022-10-10 22:42:54,667 DEBUG   HandlerThread:3389334 [handler.py:handle_request():138] handle_request: keepalive
2022-10-10 22:42:59,668 DEBUG   HandlerThread:3389334 [handler.py:handle_request():138] handle_request: keepalive
2022-10-10 22:43:04,669 DEBUG   HandlerThread:3389334 [handler.py:handle_request():138] handle_request: keepalive
2022-10-10 22:43:09,670 DEBUG   HandlerThread:3389334 [handler.py:handle_request():138] handle_request: keepalive
2022-10-10 22:43:14,671 DEBUG   HandlerThread:3389334 [handler.py:handle_request():138] handle_request: keepalive
2022-10-10 22:43:19,671 DEBUG   HandlerThread:3389334 [handler.py:handle_request():138] handle_request: keepalive
2022-10-10 22:43:24,673 DEBUG   HandlerThread:3389334 [handler.py:handle_request():138] handle_request: keepalive
2022-10-10 22:43:29,673 DEBUG   HandlerThread:3389334 [handler.py:handle_request():138] handle_request: keepalive
2022-10-10 22:43:34,674 DEBUG   HandlerThread:3389334 [handler.py:handle_request():138] handle_request: keepalive
2022-10-10 22:43:39,675 DEBUG   HandlerThread:3389334 [handler.py:handle_request():138] handle_request: keepalive
2022-10-10 22:43:44,677 DEBUG   HandlerThread:3389334 [handler.py:handle_request():138] handle_request: keepalive
2022-10-10 22:43:49,677 DEBUG   HandlerThread:3389334 [handler.py:handle_request():138] handle_request: keepalive
2022-10-10 22:43:54,678 DEBUG   HandlerThread:3389334 [handler.py:handle_request():138] handle_request: keepalive
2022-10-10 22:43:59,679 DEBUG   HandlerThread:3389334 [handler.py:handle_request():138] handle_request: keepalive
2022-10-10 22:44:04,680 DEBUG   HandlerThread:3389334 [handler.py:handle_request():138] handle_request: keepalive
2022-10-10 22:44:09,681 DEBUG   HandlerThread:3389334 [handler.py:handle_request():138] handle_request: keepalive
2022-10-10 22:44:14,682 DEBUG   HandlerThread:3389334 [handler.py:handle_request():138] handle_request: keepalive
2022-10-10 22:44:19,683 DEBUG   HandlerThread:3389334 [handler.py:handle_request():138] handle_request: keepalive
2022-10-10 22:44:24,685 DEBUG   HandlerThread:3389334 [handler.py:handle_request():138] handle_request: keepalive
2022-10-10 22:44:29,686 DEBUG   HandlerThread:3389334 [handler.py:handle_request():138] handle_request: keepalive
2022-10-10 22:44:34,687 DEBUG   HandlerThread:3389334 [handler.py:handle_request():138] handle_request: keepalive
2022-10-10 22:44:39,687 DEBUG   HandlerThread:3389334 [handler.py:handle_request():138] handle_request: keepalive
2022-10-10 22:44:44,689 DEBUG   HandlerThread:3389334 [handler.py:handle_request():138] handle_request: keepalive
2022-10-10 22:44:49,689 DEBUG   HandlerThread:3389334 [handler.py:handle_request():138] handle_request: keepalive
2022-10-10 22:44:54,690 DEBUG   HandlerThread:3389334 [handler.py:handle_request():138] handle_request: keepalive
2022-10-10 22:44:59,691 DEBUG   HandlerThread:3389334 [handler.py:handle_request():138] handle_request: keepalive
2022-10-10 22:45:04,692 DEBUG   HandlerThread:3389334 [handler.py:handle_request():138] handle_request: keepalive
2022-10-10 22:45:09,693 DEBUG   HandlerThread:3389334 [handler.py:handle_request():138] handle_request: keepalive
2022-10-10 22:45:14,694 DEBUG   HandlerThread:3389334 [handler.py:handle_request():138] handle_request: keepalive
2022-10-10 22:45:19,695 DEBUG   HandlerThread:3389334 [handler.py:handle_request():138] handle_request: keepalive
2022-10-10 22:45:24,696 DEBUG   HandlerThread:3389334 [handler.py:handle_request():138] handle_request: keepalive
2022-10-10 22:45:29,697 DEBUG   HandlerThread:3389334 [handler.py:handle_request():138] handle_request: keepalive
2022-10-10 22:45:34,698 DEBUG   HandlerThread:3389334 [handler.py:handle_request():138] handle_request: keepalive
2022-10-10 22:45:39,699 DEBUG   HandlerThread:3389334 [handler.py:handle_request():138] handle_request: keepalive
2022-10-10 22:45:44,700 DEBUG   HandlerThread:3389334 [handler.py:handle_request():138] handle_request: keepalive
2022-10-10 22:45:49,701 DEBUG   HandlerThread:3389334 [handler.py:handle_request():138] handle_request: keepalive
2022-10-10 22:45:54,702 DEBUG   HandlerThread:3389334 [handler.py:handle_request():138] handle_request: keepalive
2022-10-10 22:45:59,703 DEBUG   HandlerThread:3389334 [handler.py:handle_request():138] handle_request: keepalive
2022-10-10 22:46:04,704 DEBUG   HandlerThread:3389334 [handler.py:handle_request():138] handle_request: keepalive
2022-10-10 22:46:09,705 DEBUG   HandlerThread:3389334 [handler.py:handle_request():138] handle_request: keepalive
2022-10-10 22:46:14,706 DEBUG   HandlerThread:3389334 [handler.py:handle_request():138] handle_request: keepalive
2022-10-10 22:46:19,707 DEBUG   HandlerThread:3389334 [handler.py:handle_request():138] handle_request: keepalive
2022-10-10 22:46:24,708 DEBUG   HandlerThread:3389334 [handler.py:handle_request():138] handle_request: keepalive
2022-10-10 22:46:29,709 DEBUG   HandlerThread:3389334 [handler.py:handle_request():138] handle_request: keepalive
2022-10-10 22:46:34,710 DEBUG   HandlerThread:3389334 [handler.py:handle_request():138] handle_request: keepalive
2022-10-10 22:46:39,711 DEBUG   HandlerThread:3389334 [handler.py:handle_request():138] handle_request: keepalive
2022-10-10 22:46:44,712 DEBUG   HandlerThread:3389334 [handler.py:handle_request():138] handle_request: keepalive
2022-10-10 22:46:49,713 DEBUG   HandlerThread:3389334 [handler.py:handle_request():138] handle_request: keepalive
2022-10-10 22:46:54,714 DEBUG   HandlerThread:3389334 [handler.py:handle_request():138] handle_request: keepalive
2022-10-10 22:46:59,714 DEBUG   HandlerThread:3389334 [handler.py:handle_request():138] handle_request: keepalive
2022-10-10 22:47:04,715 DEBUG   HandlerThread:3389334 [handler.py:handle_request():138] handle_request: keepalive
2022-10-10 22:47:09,716 DEBUG   HandlerThread:3389334 [handler.py:handle_request():138] handle_request: keepalive
2022-10-10 22:47:14,717 DEBUG   HandlerThread:3389334 [handler.py:handle_request():138] handle_request: keepalive
2022-10-10 22:47:19,718 DEBUG   HandlerThread:3389334 [handler.py:handle_request():138] handle_request: keepalive
2022-10-10 22:47:24,719 DEBUG   HandlerThread:3389334 [handler.py:handle_request():138] handle_request: keepalive
2022-10-10 22:47:29,720 DEBUG   HandlerThread:3389334 [handler.py:handle_request():138] handle_request: keepalive
2022-10-10 22:47:34,721 DEBUG   HandlerThread:3389334 [handler.py:handle_request():138] handle_request: keepalive
2022-10-10 22:47:39,722 DEBUG   HandlerThread:3389334 [handler.py:handle_request():138] handle_request: keepalive
2022-10-10 22:47:44,723 DEBUG   HandlerThread:3389334 [handler.py:handle_request():138] handle_request: keepalive
2022-10-10 22:47:49,724 DEBUG   HandlerThread:3389334 [handler.py:handle_request():138] handle_request: keepalive
2022-10-10 22:47:54,725 DEBUG   HandlerThread:3389334 [handler.py:handle_request():138] handle_request: keepalive
2022-10-10 22:47:59,726 DEBUG   HandlerThread:3389334 [handler.py:handle_request():138] handle_request: keepalive
2022-10-10 22:48:04,727 DEBUG   HandlerThread:3389334 [handler.py:handle_request():138] handle_request: keepalive
2022-10-10 22:48:09,728 DEBUG   HandlerThread:3389334 [handler.py:handle_request():138] handle_request: keepalive
2022-10-10 22:48:14,729 DEBUG   HandlerThread:3389334 [handler.py:handle_request():138] handle_request: keepalive
2022-10-10 22:48:19,730 DEBUG   HandlerThread:3389334 [handler.py:handle_request():138] handle_request: keepalive
2022-10-10 22:48:24,731 DEBUG   HandlerThread:3389334 [handler.py:handle_request():138] handle_request: keepalive
2022-10-10 22:48:29,732 DEBUG   HandlerThread:3389334 [handler.py:handle_request():138] handle_request: keepalive
2022-10-10 22:48:34,733 DEBUG   HandlerThread:3389334 [handler.py:handle_request():138] handle_request: keepalive
2022-10-10 22:48:39,734 DEBUG   HandlerThread:3389334 [handler.py:handle_request():138] handle_request: keepalive
2022-10-10 22:48:44,735 DEBUG   HandlerThread:3389334 [handler.py:handle_request():138] handle_request: keepalive
2022-10-10 22:48:49,736 DEBUG   HandlerThread:3389334 [handler.py:handle_request():138] handle_request: keepalive
2022-10-10 22:48:54,737 DEBUG   HandlerThread:3389334 [handler.py:handle_request():138] handle_request: keepalive
2022-10-10 22:48:59,738 DEBUG   HandlerThread:3389334 [handler.py:handle_request():138] handle_request: keepalive
2022-10-10 22:49:04,739 DEBUG   HandlerThread:3389334 [handler.py:handle_request():138] handle_request: keepalive
2022-10-10 22:49:09,740 DEBUG   HandlerThread:3389334 [handler.py:handle_request():138] handle_request: keepalive
2022-10-10 22:49:14,741 DEBUG   HandlerThread:3389334 [handler.py:handle_request():138] handle_request: keepalive
2022-10-10 22:49:19,742 DEBUG   HandlerThread:3389334 [handler.py:handle_request():138] handle_request: keepalive
2022-10-10 22:49:24,743 DEBUG   HandlerThread:3389334 [handler.py:handle_request():138] handle_request: keepalive
2022-10-10 22:49:29,744 DEBUG   HandlerThread:3389334 [handler.py:handle_request():138] handle_request: keepalive
2022-10-10 22:49:34,745 DEBUG   HandlerThread:3389334 [handler.py:handle_request():138] handle_request: keepalive
2022-10-10 22:49:39,746 DEBUG   HandlerThread:3389334 [handler.py:handle_request():138] handle_request: keepalive
2022-10-10 22:49:44,747 DEBUG   HandlerThread:3389334 [handler.py:handle_request():138] handle_request: keepalive
2022-10-10 22:49:49,748 DEBUG   HandlerThread:3389334 [handler.py:handle_request():138] handle_request: keepalive
2022-10-10 22:49:54,749 DEBUG   HandlerThread:3389334 [handler.py:handle_request():138] handle_request: keepalive
2022-10-10 22:49:59,750 DEBUG   HandlerThread:3389334 [handler.py:handle_request():138] handle_request: keepalive
2022-10-10 22:50:04,751 DEBUG   HandlerThread:3389334 [handler.py:handle_request():138] handle_request: keepalive
2022-10-10 22:50:09,752 DEBUG   HandlerThread:3389334 [handler.py:handle_request():138] handle_request: keepalive
2022-10-10 22:50:14,753 DEBUG   HandlerThread:3389334 [handler.py:handle_request():138] handle_request: keepalive
2022-10-10 22:50:19,754 DEBUG   HandlerThread:3389334 [handler.py:handle_request():138] handle_request: keepalive
2022-10-10 22:50:24,755 DEBUG   HandlerThread:3389334 [handler.py:handle_request():138] handle_request: keepalive
2022-10-10 22:50:29,756 DEBUG   HandlerThread:3389334 [handler.py:handle_request():138] handle_request: keepalive
2022-10-10 22:50:34,757 DEBUG   HandlerThread:3389334 [handler.py:handle_request():138] handle_request: keepalive
2022-10-10 22:50:39,758 DEBUG   HandlerThread:3389334 [handler.py:handle_request():138] handle_request: keepalive
2022-10-10 22:50:44,759 DEBUG   HandlerThread:3389334 [handler.py:handle_request():138] handle_request: keepalive
2022-10-10 22:50:49,760 DEBUG   HandlerThread:3389334 [handler.py:handle_request():138] handle_request: keepalive
2022-10-10 22:50:54,761 DEBUG   HandlerThread:3389334 [handler.py:handle_request():138] handle_request: keepalive
2022-10-10 22:50:59,762 DEBUG   HandlerThread:3389334 [handler.py:handle_request():138] handle_request: keepalive
2022-10-10 22:51:04,763 DEBUG   HandlerThread:3389334 [handler.py:handle_request():138] handle_request: keepalive
2022-10-10 22:51:09,764 DEBUG   HandlerThread:3389334 [handler.py:handle_request():138] handle_request: keepalive
2022-10-10 22:51:14,765 DEBUG   HandlerThread:3389334 [handler.py:handle_request():138] handle_request: keepalive
2022-10-10 22:51:19,766 DEBUG   HandlerThread:3389334 [handler.py:handle_request():138] handle_request: keepalive
2022-10-10 22:51:24,767 DEBUG   HandlerThread:3389334 [handler.py:handle_request():138] handle_request: keepalive
2022-10-10 22:51:29,768 DEBUG   HandlerThread:3389334 [handler.py:handle_request():138] handle_request: keepalive
2022-10-10 22:51:34,769 DEBUG   HandlerThread:3389334 [handler.py:handle_request():138] handle_request: keepalive
2022-10-10 22:51:39,770 DEBUG   HandlerThread:3389334 [handler.py:handle_request():138] handle_request: keepalive
2022-10-10 22:51:44,771 DEBUG   HandlerThread:3389334 [handler.py:handle_request():138] handle_request: keepalive
2022-10-10 22:51:49,772 DEBUG   HandlerThread:3389334 [handler.py:handle_request():138] handle_request: keepalive
2022-10-10 22:51:54,773 DEBUG   HandlerThread:3389334 [handler.py:handle_request():138] handle_request: keepalive
2022-10-10 22:51:59,774 DEBUG   HandlerThread:3389334 [handler.py:handle_request():138] handle_request: keepalive
2022-10-10 22:52:04,775 DEBUG   HandlerThread:3389334 [handler.py:handle_request():138] handle_request: keepalive
2022-10-10 22:52:09,776 DEBUG   HandlerThread:3389334 [handler.py:handle_request():138] handle_request: keepalive
2022-10-10 22:52:14,778 DEBUG   HandlerThread:3389334 [handler.py:handle_request():138] handle_request: keepalive
2022-10-10 22:52:19,779 DEBUG   HandlerThread:3389334 [handler.py:handle_request():138] handle_request: keepalive
2022-10-10 22:52:24,780 DEBUG   HandlerThread:3389334 [handler.py:handle_request():138] handle_request: keepalive
2022-10-10 22:52:29,781 DEBUG   HandlerThread:3389334 [handler.py:handle_request():138] handle_request: keepalive
2022-10-10 22:52:34,782 DEBUG   HandlerThread:3389334 [handler.py:handle_request():138] handle_request: keepalive
2022-10-10 22:52:39,783 DEBUG   HandlerThread:3389334 [handler.py:handle_request():138] handle_request: keepalive
2022-10-10 22:52:44,784 DEBUG   HandlerThread:3389334 [handler.py:handle_request():138] handle_request: keepalive
2022-10-10 22:52:49,784 DEBUG   HandlerThread:3389334 [handler.py:handle_request():138] handle_request: keepalive
2022-10-10 22:52:54,786 DEBUG   HandlerThread:3389334 [handler.py:handle_request():138] handle_request: keepalive
2022-10-10 22:52:59,787 DEBUG   HandlerThread:3389334 [handler.py:handle_request():138] handle_request: keepalive
2022-10-10 22:53:04,788 DEBUG   HandlerThread:3389334 [handler.py:handle_request():138] handle_request: keepalive
2022-10-10 22:53:09,789 DEBUG   HandlerThread:3389334 [handler.py:handle_request():138] handle_request: keepalive
2022-10-10 22:53:14,790 DEBUG   HandlerThread:3389334 [handler.py:handle_request():138] handle_request: keepalive
2022-10-10 22:53:19,791 DEBUG   HandlerThread:3389334 [handler.py:handle_request():138] handle_request: keepalive
2022-10-10 22:53:24,792 DEBUG   HandlerThread:3389334 [handler.py:handle_request():138] handle_request: keepalive
2022-10-10 22:53:29,793 DEBUG   HandlerThread:3389334 [handler.py:handle_request():138] handle_request: keepalive
2022-10-10 22:53:34,794 DEBUG   HandlerThread:3389334 [handler.py:handle_request():138] handle_request: keepalive
2022-10-10 22:53:39,795 DEBUG   HandlerThread:3389334 [handler.py:handle_request():138] handle_request: keepalive
2022-10-10 22:53:44,796 DEBUG   HandlerThread:3389334 [handler.py:handle_request():138] handle_request: keepalive
2022-10-10 22:53:49,796 DEBUG   HandlerThread:3389334 [handler.py:handle_request():138] handle_request: keepalive
2022-10-10 22:53:54,798 DEBUG   HandlerThread:3389334 [handler.py:handle_request():138] handle_request: keepalive
2022-10-10 22:53:59,799 DEBUG   HandlerThread:3389334 [handler.py:handle_request():138] handle_request: keepalive
2022-10-10 22:54:04,800 DEBUG   HandlerThread:3389334 [handler.py:handle_request():138] handle_request: keepalive
2022-10-10 22:54:09,801 DEBUG   HandlerThread:3389334 [handler.py:handle_request():138] handle_request: keepalive
2022-10-10 22:54:14,802 DEBUG   HandlerThread:3389334 [handler.py:handle_request():138] handle_request: keepalive
2022-10-10 22:54:19,803 DEBUG   HandlerThread:3389334 [handler.py:handle_request():138] handle_request: keepalive
2022-10-10 22:54:24,803 DEBUG   HandlerThread:3389334 [handler.py:handle_request():138] handle_request: keepalive
2022-10-10 22:54:29,805 DEBUG   HandlerThread:3389334 [handler.py:handle_request():138] handle_request: keepalive
2022-10-10 22:54:34,806 DEBUG   HandlerThread:3389334 [handler.py:handle_request():138] handle_request: keepalive
2022-10-10 22:54:39,807 DEBUG   HandlerThread:3389334 [handler.py:handle_request():138] handle_request: keepalive
2022-10-10 22:54:44,808 DEBUG   HandlerThread:3389334 [handler.py:handle_request():138] handle_request: keepalive
2022-10-10 22:54:49,809 DEBUG   HandlerThread:3389334 [handler.py:handle_request():138] handle_request: keepalive
2022-10-10 22:54:54,810 DEBUG   HandlerThread:3389334 [handler.py:handle_request():138] handle_request: keepalive
2022-10-10 22:54:59,811 DEBUG   HandlerThread:3389334 [handler.py:handle_request():138] handle_request: keepalive
2022-10-10 22:55:04,812 DEBUG   HandlerThread:3389334 [handler.py:handle_request():138] handle_request: keepalive
2022-10-10 22:55:09,813 DEBUG   HandlerThread:3389334 [handler.py:handle_request():138] handle_request: keepalive
2022-10-10 22:55:14,814 DEBUG   HandlerThread:3389334 [handler.py:handle_request():138] handle_request: keepalive
2022-10-10 22:55:19,815 DEBUG   HandlerThread:3389334 [handler.py:handle_request():138] handle_request: keepalive
2022-10-10 22:55:24,816 DEBUG   HandlerThread:3389334 [handler.py:handle_request():138] handle_request: keepalive
2022-10-10 22:55:29,816 DEBUG   HandlerThread:3389334 [handler.py:handle_request():138] handle_request: keepalive
2022-10-10 22:55:34,818 DEBUG   HandlerThread:3389334 [handler.py:handle_request():138] handle_request: keepalive
2022-10-10 22:55:39,818 DEBUG   HandlerThread:3389334 [handler.py:handle_request():138] handle_request: keepalive
2022-10-10 22:55:44,819 DEBUG   HandlerThread:3389334 [handler.py:handle_request():138] handle_request: keepalive
2022-10-10 22:55:49,820 DEBUG   HandlerThread:3389334 [handler.py:handle_request():138] handle_request: keepalive
2022-10-10 22:55:54,822 DEBUG   HandlerThread:3389334 [handler.py:handle_request():138] handle_request: keepalive
2022-10-10 22:55:59,823 DEBUG   HandlerThread:3389334 [handler.py:handle_request():138] handle_request: keepalive
2022-10-10 22:56:04,824 DEBUG   HandlerThread:3389334 [handler.py:handle_request():138] handle_request: keepalive
2022-10-10 22:56:09,825 DEBUG   HandlerThread:3389334 [handler.py:handle_request():138] handle_request: keepalive
2022-10-10 22:56:14,826 DEBUG   HandlerThread:3389334 [handler.py:handle_request():138] handle_request: keepalive
2022-10-10 22:56:19,827 DEBUG   HandlerThread:3389334 [handler.py:handle_request():138] handle_request: keepalive
2022-10-10 22:56:24,828 DEBUG   HandlerThread:3389334 [handler.py:handle_request():138] handle_request: keepalive
2022-10-10 22:56:29,829 DEBUG   HandlerThread:3389334 [handler.py:handle_request():138] handle_request: keepalive
2022-10-10 22:56:34,829 DEBUG   HandlerThread:3389334 [handler.py:handle_request():138] handle_request: keepalive
2022-10-10 22:56:39,830 DEBUG   HandlerThread:3389334 [handler.py:handle_request():138] handle_request: keepalive
2022-10-10 22:56:44,831 DEBUG   HandlerThread:3389334 [handler.py:handle_request():138] handle_request: keepalive
2022-10-10 22:56:49,832 DEBUG   HandlerThread:3389334 [handler.py:handle_request():138] handle_request: keepalive
2022-10-10 22:56:54,833 DEBUG   HandlerThread:3389334 [handler.py:handle_request():138] handle_request: keepalive
2022-10-10 22:56:59,834 DEBUG   HandlerThread:3389334 [handler.py:handle_request():138] handle_request: keepalive
2022-10-10 22:57:04,835 DEBUG   HandlerThread:3389334 [handler.py:handle_request():138] handle_request: keepalive
2022-10-10 22:57:09,836 DEBUG   HandlerThread:3389334 [handler.py:handle_request():138] handle_request: keepalive
2022-10-10 22:57:14,837 DEBUG   HandlerThread:3389334 [handler.py:handle_request():138] handle_request: keepalive
2022-10-10 22:57:19,838 DEBUG   HandlerThread:3389334 [handler.py:handle_request():138] handle_request: keepalive
2022-10-10 22:57:24,839 DEBUG   HandlerThread:3389334 [handler.py:handle_request():138] handle_request: keepalive
2022-10-10 22:57:29,840 DEBUG   HandlerThread:3389334 [handler.py:handle_request():138] handle_request: keepalive
2022-10-10 22:57:34,841 DEBUG   HandlerThread:3389334 [handler.py:handle_request():138] handle_request: keepalive
2022-10-10 22:57:39,842 DEBUG   HandlerThread:3389334 [handler.py:handle_request():138] handle_request: keepalive
2022-10-10 22:57:44,843 DEBUG   HandlerThread:3389334 [handler.py:handle_request():138] handle_request: keepalive
2022-10-10 22:57:49,844 DEBUG   HandlerThread:3389334 [handler.py:handle_request():138] handle_request: keepalive
2022-10-10 22:57:54,845 DEBUG   HandlerThread:3389334 [handler.py:handle_request():138] handle_request: keepalive
2022-10-10 22:57:59,846 DEBUG   HandlerThread:3389334 [handler.py:handle_request():138] handle_request: keepalive
2022-10-10 22:58:04,847 DEBUG   HandlerThread:3389334 [handler.py:handle_request():138] handle_request: keepalive
2022-10-10 22:58:09,848 DEBUG   HandlerThread:3389334 [handler.py:handle_request():138] handle_request: keepalive
2022-10-10 22:58:14,849 DEBUG   HandlerThread:3389334 [handler.py:handle_request():138] handle_request: keepalive
2022-10-10 22:58:19,850 DEBUG   HandlerThread:3389334 [handler.py:handle_request():138] handle_request: keepalive
2022-10-10 22:58:24,851 DEBUG   HandlerThread:3389334 [handler.py:handle_request():138] handle_request: keepalive
2022-10-10 22:58:29,851 DEBUG   HandlerThread:3389334 [handler.py:handle_request():138] handle_request: keepalive
2022-10-10 22:58:34,853 DEBUG   HandlerThread:3389334 [handler.py:handle_request():138] handle_request: keepalive
2022-10-10 22:58:39,853 DEBUG   HandlerThread:3389334 [handler.py:handle_request():138] handle_request: keepalive
2022-10-10 22:58:44,855 DEBUG   HandlerThread:3389334 [handler.py:handle_request():138] handle_request: keepalive
2022-10-10 22:58:49,855 DEBUG   HandlerThread:3389334 [handler.py:handle_request():138] handle_request: keepalive
2022-10-10 22:58:54,856 DEBUG   HandlerThread:3389334 [handler.py:handle_request():138] handle_request: keepalive
2022-10-10 22:58:59,857 DEBUG   HandlerThread:3389334 [handler.py:handle_request():138] handle_request: keepalive
2022-10-10 22:59:04,858 DEBUG   HandlerThread:3389334 [handler.py:handle_request():138] handle_request: keepalive
2022-10-10 22:59:09,859 DEBUG   HandlerThread:3389334 [handler.py:handle_request():138] handle_request: keepalive
2022-10-10 22:59:14,860 DEBUG   HandlerThread:3389334 [handler.py:handle_request():138] handle_request: keepalive
2022-10-10 22:59:19,861 DEBUG   HandlerThread:3389334 [handler.py:handle_request():138] handle_request: keepalive
2022-10-10 22:59:24,862 DEBUG   HandlerThread:3389334 [handler.py:handle_request():138] handle_request: keepalive
2022-10-10 22:59:29,863 DEBUG   HandlerThread:3389334 [handler.py:handle_request():138] handle_request: keepalive
2022-10-10 22:59:34,864 DEBUG   HandlerThread:3389334 [handler.py:handle_request():138] handle_request: keepalive
2022-10-10 22:59:39,865 DEBUG   HandlerThread:3389334 [handler.py:handle_request():138] handle_request: keepalive
2022-10-10 22:59:44,866 DEBUG   HandlerThread:3389334 [handler.py:handle_request():138] handle_request: keepalive
2022-10-10 22:59:49,868 DEBUG   HandlerThread:3389334 [handler.py:handle_request():138] handle_request: keepalive
2022-10-10 22:59:54,869 DEBUG   HandlerThread:3389334 [handler.py:handle_request():138] handle_request: keepalive
2022-10-10 22:59:59,869 DEBUG   HandlerThread:3389334 [handler.py:handle_request():138] handle_request: keepalive
2022-10-10 23:00:04,870 DEBUG   HandlerThread:3389334 [handler.py:handle_request():138] handle_request: keepalive
2022-10-10 23:00:09,872 DEBUG   HandlerThread:3389334 [handler.py:handle_request():138] handle_request: keepalive
2022-10-10 23:00:14,873 DEBUG   HandlerThread:3389334 [handler.py:handle_request():138] handle_request: keepalive
2022-10-10 23:00:19,874 DEBUG   HandlerThread:3389334 [handler.py:handle_request():138] handle_request: keepalive
2022-10-10 23:00:24,875 DEBUG   HandlerThread:3389334 [handler.py:handle_request():138] handle_request: keepalive
2022-10-10 23:00:29,876 DEBUG   HandlerThread:3389334 [handler.py:handle_request():138] handle_request: keepalive
2022-10-10 23:00:34,877 DEBUG   HandlerThread:3389334 [handler.py:handle_request():138] handle_request: keepalive
2022-10-10 23:00:39,878 DEBUG   HandlerThread:3389334 [handler.py:handle_request():138] handle_request: keepalive
2022-10-10 23:00:44,879 DEBUG   HandlerThread:3389334 [handler.py:handle_request():138] handle_request: keepalive
2022-10-10 23:00:49,880 DEBUG   HandlerThread:3389334 [handler.py:handle_request():138] handle_request: keepalive
2022-10-10 23:00:54,881 DEBUG   HandlerThread:3389334 [handler.py:handle_request():138] handle_request: keepalive
2022-10-10 23:00:59,882 DEBUG   HandlerThread:3389334 [handler.py:handle_request():138] handle_request: keepalive
2022-10-10 23:01:04,883 DEBUG   HandlerThread:3389334 [handler.py:handle_request():138] handle_request: keepalive
2022-10-10 23:01:09,884 DEBUG   HandlerThread:3389334 [handler.py:handle_request():138] handle_request: keepalive
2022-10-10 23:01:14,885 DEBUG   HandlerThread:3389334 [handler.py:handle_request():138] handle_request: keepalive
2022-10-10 23:01:19,886 DEBUG   HandlerThread:3389334 [handler.py:handle_request():138] handle_request: keepalive
2022-10-10 23:01:24,887 DEBUG   HandlerThread:3389334 [handler.py:handle_request():138] handle_request: keepalive
2022-10-10 23:01:29,888 DEBUG   HandlerThread:3389334 [handler.py:handle_request():138] handle_request: keepalive
2022-10-10 23:01:34,889 DEBUG   HandlerThread:3389334 [handler.py:handle_request():138] handle_request: keepalive
2022-10-10 23:01:39,890 DEBUG   HandlerThread:3389334 [handler.py:handle_request():138] handle_request: keepalive
2022-10-10 23:01:44,890 DEBUG   HandlerThread:3389334 [handler.py:handle_request():138] handle_request: keepalive
2022-10-10 23:01:49,891 DEBUG   HandlerThread:3389334 [handler.py:handle_request():138] handle_request: keepalive
2022-10-10 23:01:54,892 DEBUG   HandlerThread:3389334 [handler.py:handle_request():138] handle_request: keepalive
2022-10-10 23:01:59,893 DEBUG   HandlerThread:3389334 [handler.py:handle_request():138] handle_request: keepalive
2022-10-10 23:02:04,894 DEBUG   HandlerThread:3389334 [handler.py:handle_request():138] handle_request: keepalive
2022-10-10 23:02:09,895 DEBUG   HandlerThread:3389334 [handler.py:handle_request():138] handle_request: keepalive
2022-10-10 23:02:14,896 DEBUG   HandlerThread:3389334 [handler.py:handle_request():138] handle_request: keepalive
2022-10-10 23:02:19,897 DEBUG   HandlerThread:3389334 [handler.py:handle_request():138] handle_request: keepalive
2022-10-10 23:02:24,898 DEBUG   HandlerThread:3389334 [handler.py:handle_request():138] handle_request: keepalive
2022-10-10 23:02:29,899 DEBUG   HandlerThread:3389334 [handler.py:handle_request():138] handle_request: keepalive
2022-10-10 23:02:34,900 DEBUG   HandlerThread:3389334 [handler.py:handle_request():138] handle_request: keepalive
2022-10-10 23:02:39,901 DEBUG   HandlerThread:3389334 [handler.py:handle_request():138] handle_request: keepalive
2022-10-10 23:02:44,902 DEBUG   HandlerThread:3389334 [handler.py:handle_request():138] handle_request: keepalive
2022-10-10 23:02:49,903 DEBUG   HandlerThread:3389334 [handler.py:handle_request():138] handle_request: keepalive
2022-10-10 23:02:54,904 DEBUG   HandlerThread:3389334 [handler.py:handle_request():138] handle_request: keepalive
2022-10-10 23:02:59,905 DEBUG   HandlerThread:3389334 [handler.py:handle_request():138] handle_request: keepalive
2022-10-10 23:03:04,906 DEBUG   HandlerThread:3389334 [handler.py:handle_request():138] handle_request: keepalive
2022-10-10 23:03:09,907 DEBUG   HandlerThread:3389334 [handler.py:handle_request():138] handle_request: keepalive
2022-10-10 23:03:14,909 DEBUG   HandlerThread:3389334 [handler.py:handle_request():138] handle_request: keepalive
2022-10-10 23:03:19,909 DEBUG   HandlerThread:3389334 [handler.py:handle_request():138] handle_request: keepalive
2022-10-10 23:03:24,910 DEBUG   HandlerThread:3389334 [handler.py:handle_request():138] handle_request: keepalive
2022-10-10 23:03:29,912 DEBUG   HandlerThread:3389334 [handler.py:handle_request():138] handle_request: keepalive
2022-10-10 23:03:34,913 DEBUG   HandlerThread:3389334 [handler.py:handle_request():138] handle_request: keepalive
2022-10-10 23:03:39,914 DEBUG   HandlerThread:3389334 [handler.py:handle_request():138] handle_request: keepalive
2022-10-10 23:03:44,915 DEBUG   HandlerThread:3389334 [handler.py:handle_request():138] handle_request: keepalive
2022-10-10 23:03:49,916 DEBUG   HandlerThread:3389334 [handler.py:handle_request():138] handle_request: keepalive
2022-10-10 23:03:54,917 DEBUG   HandlerThread:3389334 [handler.py:handle_request():138] handle_request: keepalive
2022-10-10 23:03:59,918 DEBUG   HandlerThread:3389334 [handler.py:handle_request():138] handle_request: keepalive
2022-10-10 23:04:04,919 DEBUG   HandlerThread:3389334 [handler.py:handle_request():138] handle_request: keepalive
2022-10-10 23:04:09,920 DEBUG   HandlerThread:3389334 [handler.py:handle_request():138] handle_request: keepalive
2022-10-10 23:04:14,921 DEBUG   HandlerThread:3389334 [handler.py:handle_request():138] handle_request: keepalive
2022-10-10 23:04:19,922 DEBUG   HandlerThread:3389334 [handler.py:handle_request():138] handle_request: keepalive
2022-10-10 23:04:24,923 DEBUG   HandlerThread:3389334 [handler.py:handle_request():138] handle_request: keepalive
2022-10-10 23:04:29,924 DEBUG   HandlerThread:3389334 [handler.py:handle_request():138] handle_request: keepalive
2022-10-10 23:04:34,925 DEBUG   HandlerThread:3389334 [handler.py:handle_request():138] handle_request: keepalive
2022-10-10 23:04:39,926 DEBUG   HandlerThread:3389334 [handler.py:handle_request():138] handle_request: keepalive
2022-10-10 23:04:44,927 DEBUG   HandlerThread:3389334 [handler.py:handle_request():138] handle_request: keepalive
2022-10-10 23:04:49,928 DEBUG   HandlerThread:3389334 [handler.py:handle_request():138] handle_request: keepalive
2022-10-10 23:04:54,929 DEBUG   HandlerThread:3389334 [handler.py:handle_request():138] handle_request: keepalive
2022-10-10 23:04:59,930 DEBUG   HandlerThread:3389334 [handler.py:handle_request():138] handle_request: keepalive
2022-10-10 23:05:04,931 DEBUG   HandlerThread:3389334 [handler.py:handle_request():138] handle_request: keepalive
2022-10-10 23:05:09,932 DEBUG   HandlerThread:3389334 [handler.py:handle_request():138] handle_request: keepalive
2022-10-10 23:05:14,933 DEBUG   HandlerThread:3389334 [handler.py:handle_request():138] handle_request: keepalive
2022-10-10 23:05:19,934 DEBUG   HandlerThread:3389334 [handler.py:handle_request():138] handle_request: keepalive
2022-10-10 23:05:24,935 DEBUG   HandlerThread:3389334 [handler.py:handle_request():138] handle_request: keepalive
2022-10-10 23:05:29,936 DEBUG   HandlerThread:3389334 [handler.py:handle_request():138] handle_request: keepalive
2022-10-10 23:05:34,937 DEBUG   HandlerThread:3389334 [handler.py:handle_request():138] handle_request: keepalive
2022-10-10 23:05:39,938 DEBUG   HandlerThread:3389334 [handler.py:handle_request():138] handle_request: keepalive
2022-10-10 23:05:44,939 DEBUG   HandlerThread:3389334 [handler.py:handle_request():138] handle_request: keepalive
2022-10-10 23:05:49,940 DEBUG   HandlerThread:3389334 [handler.py:handle_request():138] handle_request: keepalive
2022-10-10 23:05:54,941 DEBUG   HandlerThread:3389334 [handler.py:handle_request():138] handle_request: keepalive
2022-10-10 23:05:59,942 DEBUG   HandlerThread:3389334 [handler.py:handle_request():138] handle_request: keepalive
2022-10-10 23:06:04,943 DEBUG   HandlerThread:3389334 [handler.py:handle_request():138] handle_request: keepalive
2022-10-10 23:06:09,944 DEBUG   HandlerThread:3389334 [handler.py:handle_request():138] handle_request: keepalive
2022-10-10 23:06:14,945 DEBUG   HandlerThread:3389334 [handler.py:handle_request():138] handle_request: keepalive
2022-10-10 23:06:19,946 DEBUG   HandlerThread:3389334 [handler.py:handle_request():138] handle_request: keepalive
2022-10-10 23:06:24,948 DEBUG   HandlerThread:3389334 [handler.py:handle_request():138] handle_request: keepalive
2022-10-10 23:06:29,948 DEBUG   HandlerThread:3389334 [handler.py:handle_request():138] handle_request: keepalive
2022-10-10 23:06:34,950 DEBUG   HandlerThread:3389334 [handler.py:handle_request():138] handle_request: keepalive
2022-10-10 23:06:39,951 DEBUG   HandlerThread:3389334 [handler.py:handle_request():138] handle_request: keepalive
2022-10-10 23:06:44,951 DEBUG   HandlerThread:3389334 [handler.py:handle_request():138] handle_request: keepalive
2022-10-10 23:06:49,952 DEBUG   HandlerThread:3389334 [handler.py:handle_request():138] handle_request: keepalive
2022-10-10 23:06:54,954 DEBUG   HandlerThread:3389334 [handler.py:handle_request():138] handle_request: keepalive
2022-10-10 23:06:59,954 DEBUG   HandlerThread:3389334 [handler.py:handle_request():138] handle_request: keepalive
2022-10-10 23:07:04,955 DEBUG   HandlerThread:3389334 [handler.py:handle_request():138] handle_request: keepalive
2022-10-10 23:07:09,957 DEBUG   HandlerThread:3389334 [handler.py:handle_request():138] handle_request: keepalive
2022-10-10 23:07:14,958 DEBUG   HandlerThread:3389334 [handler.py:handle_request():138] handle_request: keepalive
2022-10-10 23:07:19,959 DEBUG   HandlerThread:3389334 [handler.py:handle_request():138] handle_request: keepalive
2022-10-10 23:07:24,960 DEBUG   HandlerThread:3389334 [handler.py:handle_request():138] handle_request: keepalive
2022-10-10 23:07:29,961 DEBUG   HandlerThread:3389334 [handler.py:handle_request():138] handle_request: keepalive
2022-10-10 23:07:34,962 DEBUG   HandlerThread:3389334 [handler.py:handle_request():138] handle_request: keepalive
2022-10-10 23:07:39,963 DEBUG   HandlerThread:3389334 [handler.py:handle_request():138] handle_request: keepalive
2022-10-10 23:07:44,964 DEBUG   HandlerThread:3389334 [handler.py:handle_request():138] handle_request: keepalive
2022-10-10 23:07:49,965 DEBUG   HandlerThread:3389334 [handler.py:handle_request():138] handle_request: keepalive
2022-10-10 23:07:54,966 DEBUG   HandlerThread:3389334 [handler.py:handle_request():138] handle_request: keepalive
2022-10-10 23:07:59,967 DEBUG   HandlerThread:3389334 [handler.py:handle_request():138] handle_request: keepalive
2022-10-10 23:08:04,968 DEBUG   HandlerThread:3389334 [handler.py:handle_request():138] handle_request: keepalive
2022-10-10 23:08:09,969 DEBUG   HandlerThread:3389334 [handler.py:handle_request():138] handle_request: keepalive
2022-10-10 23:08:14,970 DEBUG   HandlerThread:3389334 [handler.py:handle_request():138] handle_request: keepalive
2022-10-10 23:08:19,971 DEBUG   HandlerThread:3389334 [handler.py:handle_request():138] handle_request: keepalive
2022-10-10 23:08:24,972 DEBUG   HandlerThread:3389334 [handler.py:handle_request():138] handle_request: keepalive
2022-10-10 23:08:29,973 DEBUG   HandlerThread:3389334 [handler.py:handle_request():138] handle_request: keepalive
2022-10-10 23:08:34,974 DEBUG   HandlerThread:3389334 [handler.py:handle_request():138] handle_request: keepalive
2022-10-10 23:08:39,975 DEBUG   HandlerThread:3389334 [handler.py:handle_request():138] handle_request: keepalive
2022-10-10 23:08:44,976 DEBUG   HandlerThread:3389334 [handler.py:handle_request():138] handle_request: keepalive
2022-10-10 23:08:49,977 DEBUG   HandlerThread:3389334 [handler.py:handle_request():138] handle_request: keepalive
2022-10-10 23:08:54,978 DEBUG   HandlerThread:3389334 [handler.py:handle_request():138] handle_request: keepalive
2022-10-10 23:08:59,979 DEBUG   HandlerThread:3389334 [handler.py:handle_request():138] handle_request: keepalive
2022-10-10 23:09:04,980 DEBUG   HandlerThread:3389334 [handler.py:handle_request():138] handle_request: keepalive
2022-10-10 23:09:09,981 DEBUG   HandlerThread:3389334 [handler.py:handle_request():138] handle_request: keepalive
2022-10-10 23:09:14,982 DEBUG   HandlerThread:3389334 [handler.py:handle_request():138] handle_request: keepalive
2022-10-10 23:09:19,983 DEBUG   HandlerThread:3389334 [handler.py:handle_request():138] handle_request: keepalive
2022-10-10 23:09:24,984 DEBUG   HandlerThread:3389334 [handler.py:handle_request():138] handle_request: keepalive
2022-10-10 23:09:29,985 DEBUG   HandlerThread:3389334 [handler.py:handle_request():138] handle_request: keepalive
2022-10-10 23:09:34,986 DEBUG   HandlerThread:3389334 [handler.py:handle_request():138] handle_request: keepalive
2022-10-10 23:09:39,987 DEBUG   HandlerThread:3389334 [handler.py:handle_request():138] handle_request: keepalive
2022-10-10 23:09:44,988 DEBUG   HandlerThread:3389334 [handler.py:handle_request():138] handle_request: keepalive
2022-10-10 23:09:49,989 DEBUG   HandlerThread:3389334 [handler.py:handle_request():138] handle_request: keepalive
2022-10-10 23:09:54,990 DEBUG   HandlerThread:3389334 [handler.py:handle_request():138] handle_request: keepalive
2022-10-10 23:09:59,991 DEBUG   HandlerThread:3389334 [handler.py:handle_request():138] handle_request: keepalive
2022-10-10 23:10:04,992 DEBUG   HandlerThread:3389334 [handler.py:handle_request():138] handle_request: keepalive
2022-10-10 23:10:09,993 DEBUG   HandlerThread:3389334 [handler.py:handle_request():138] handle_request: keepalive
2022-10-10 23:10:14,994 DEBUG   HandlerThread:3389334 [handler.py:handle_request():138] handle_request: keepalive
2022-10-10 23:10:19,995 DEBUG   HandlerThread:3389334 [handler.py:handle_request():138] handle_request: keepalive
2022-10-10 23:10:24,996 DEBUG   HandlerThread:3389334 [handler.py:handle_request():138] handle_request: keepalive
2022-10-10 23:10:29,997 DEBUG   HandlerThread:3389334 [handler.py:handle_request():138] handle_request: keepalive
2022-10-10 23:10:34,998 DEBUG   HandlerThread:3389334 [handler.py:handle_request():138] handle_request: keepalive
2022-10-10 23:10:39,999 DEBUG   HandlerThread:3389334 [handler.py:handle_request():138] handle_request: keepalive
2022-10-10 23:10:45,000 DEBUG   HandlerThread:3389334 [handler.py:handle_request():138] handle_request: keepalive
2022-10-10 23:10:50,001 DEBUG   HandlerThread:3389334 [handler.py:handle_request():138] handle_request: keepalive
2022-10-10 23:10:55,002 DEBUG   HandlerThread:3389334 [handler.py:handle_request():138] handle_request: keepalive
2022-10-10 23:11:00,003 DEBUG   HandlerThread:3389334 [handler.py:handle_request():138] handle_request: keepalive
2022-10-10 23:11:05,004 DEBUG   HandlerThread:3389334 [handler.py:handle_request():138] handle_request: keepalive
2022-10-10 23:11:10,005 DEBUG   HandlerThread:3389334 [handler.py:handle_request():138] handle_request: keepalive
2022-10-10 23:11:15,006 DEBUG   HandlerThread:3389334 [handler.py:handle_request():138] handle_request: keepalive
2022-10-10 23:11:20,007 DEBUG   HandlerThread:3389334 [handler.py:handle_request():138] handle_request: keepalive
2022-10-10 23:11:25,008 DEBUG   HandlerThread:3389334 [handler.py:handle_request():138] handle_request: keepalive
2022-10-10 23:11:30,009 DEBUG   HandlerThread:3389334 [handler.py:handle_request():138] handle_request: keepalive
2022-10-10 23:11:35,010 DEBUG   HandlerThread:3389334 [handler.py:handle_request():138] handle_request: keepalive
2022-10-10 23:11:40,011 DEBUG   HandlerThread:3389334 [handler.py:handle_request():138] handle_request: keepalive
2022-10-10 23:11:45,012 DEBUG   HandlerThread:3389334 [handler.py:handle_request():138] handle_request: keepalive
2022-10-10 23:11:50,013 DEBUG   HandlerThread:3389334 [handler.py:handle_request():138] handle_request: keepalive
2022-10-10 23:11:55,014 DEBUG   HandlerThread:3389334 [handler.py:handle_request():138] handle_request: keepalive
2022-10-10 23:12:00,015 DEBUG   HandlerThread:3389334 [handler.py:handle_request():138] handle_request: keepalive
2022-10-10 23:12:05,016 DEBUG   HandlerThread:3389334 [handler.py:handle_request():138] handle_request: keepalive
2022-10-10 23:12:10,017 DEBUG   HandlerThread:3389334 [handler.py:handle_request():138] handle_request: keepalive
2022-10-10 23:12:15,018 DEBUG   HandlerThread:3389334 [handler.py:handle_request():138] handle_request: keepalive
2022-10-10 23:12:20,019 DEBUG   HandlerThread:3389334 [handler.py:handle_request():138] handle_request: keepalive
2022-10-10 23:12:25,020 DEBUG   HandlerThread:3389334 [handler.py:handle_request():138] handle_request: keepalive
2022-10-10 23:12:30,021 DEBUG   HandlerThread:3389334 [handler.py:handle_request():138] handle_request: keepalive
2022-10-10 23:12:35,021 DEBUG   HandlerThread:3389334 [handler.py:handle_request():138] handle_request: keepalive
2022-10-10 23:12:40,022 DEBUG   HandlerThread:3389334 [handler.py:handle_request():138] handle_request: keepalive
2022-10-10 23:12:45,023 DEBUG   HandlerThread:3389334 [handler.py:handle_request():138] handle_request: keepalive
2022-10-10 23:12:50,024 DEBUG   HandlerThread:3389334 [handler.py:handle_request():138] handle_request: keepalive
2022-10-10 23:12:55,025 DEBUG   HandlerThread:3389334 [handler.py:handle_request():138] handle_request: keepalive
2022-10-10 23:13:00,026 DEBUG   HandlerThread:3389334 [handler.py:handle_request():138] handle_request: keepalive
2022-10-10 23:13:05,027 DEBUG   HandlerThread:3389334 [handler.py:handle_request():138] handle_request: keepalive
2022-10-10 23:13:10,028 DEBUG   HandlerThread:3389334 [handler.py:handle_request():138] handle_request: keepalive
2022-10-10 23:13:15,029 DEBUG   HandlerThread:3389334 [handler.py:handle_request():138] handle_request: keepalive
2022-10-10 23:13:20,030 DEBUG   HandlerThread:3389334 [handler.py:handle_request():138] handle_request: keepalive
2022-10-10 23:13:25,031 DEBUG   HandlerThread:3389334 [handler.py:handle_request():138] handle_request: keepalive
2022-10-10 23:13:30,032 DEBUG   HandlerThread:3389334 [handler.py:handle_request():138] handle_request: keepalive
2022-10-10 23:13:35,033 DEBUG   HandlerThread:3389334 [handler.py:handle_request():138] handle_request: keepalive
2022-10-10 23:13:40,034 DEBUG   HandlerThread:3389334 [handler.py:handle_request():138] handle_request: keepalive
2022-10-10 23:13:45,035 DEBUG   HandlerThread:3389334 [handler.py:handle_request():138] handle_request: keepalive
2022-10-10 23:13:50,036 DEBUG   HandlerThread:3389334 [handler.py:handle_request():138] handle_request: keepalive
2022-10-10 23:13:55,037 DEBUG   HandlerThread:3389334 [handler.py:handle_request():138] handle_request: keepalive
2022-10-10 23:14:00,038 DEBUG   HandlerThread:3389334 [handler.py:handle_request():138] handle_request: keepalive
2022-10-10 23:14:05,039 DEBUG   HandlerThread:3389334 [handler.py:handle_request():138] handle_request: keepalive
2022-10-10 23:14:10,040 DEBUG   HandlerThread:3389334 [handler.py:handle_request():138] handle_request: keepalive
2022-10-10 23:14:15,041 DEBUG   HandlerThread:3389334 [handler.py:handle_request():138] handle_request: keepalive
2022-10-10 23:14:20,042 DEBUG   HandlerThread:3389334 [handler.py:handle_request():138] handle_request: keepalive
2022-10-10 23:14:25,043 DEBUG   HandlerThread:3389334 [handler.py:handle_request():138] handle_request: keepalive
2022-10-10 23:14:30,044 DEBUG   HandlerThread:3389334 [handler.py:handle_request():138] handle_request: keepalive
2022-10-10 23:14:35,045 DEBUG   HandlerThread:3389334 [handler.py:handle_request():138] handle_request: keepalive
2022-10-10 23:14:40,046 DEBUG   HandlerThread:3389334 [handler.py:handle_request():138] handle_request: keepalive
2022-10-10 23:14:45,047 DEBUG   HandlerThread:3389334 [handler.py:handle_request():138] handle_request: keepalive
2022-10-10 23:14:50,048 DEBUG   HandlerThread:3389334 [handler.py:handle_request():138] handle_request: keepalive
2022-10-10 23:14:55,049 DEBUG   HandlerThread:3389334 [handler.py:handle_request():138] handle_request: keepalive
2022-10-10 23:15:00,050 DEBUG   HandlerThread:3389334 [handler.py:handle_request():138] handle_request: keepalive
2022-10-10 23:15:05,051 DEBUG   HandlerThread:3389334 [handler.py:handle_request():138] handle_request: keepalive
2022-10-10 23:15:10,052 DEBUG   HandlerThread:3389334 [handler.py:handle_request():138] handle_request: keepalive
2022-10-10 23:15:15,053 DEBUG   HandlerThread:3389334 [handler.py:handle_request():138] handle_request: keepalive
2022-10-10 23:15:20,054 DEBUG   HandlerThread:3389334 [handler.py:handle_request():138] handle_request: keepalive
2022-10-10 23:15:25,055 DEBUG   HandlerThread:3389334 [handler.py:handle_request():138] handle_request: keepalive
2022-10-10 23:15:30,056 DEBUG   HandlerThread:3389334 [handler.py:handle_request():138] handle_request: keepalive
2022-10-10 23:15:35,057 DEBUG   HandlerThread:3389334 [handler.py:handle_request():138] handle_request: keepalive
2022-10-10 23:15:40,058 DEBUG   HandlerThread:3389334 [handler.py:handle_request():138] handle_request: keepalive
2022-10-10 23:15:45,059 DEBUG   HandlerThread:3389334 [handler.py:handle_request():138] handle_request: keepalive
2022-10-10 23:15:50,060 DEBUG   HandlerThread:3389334 [handler.py:handle_request():138] handle_request: keepalive
2022-10-10 23:15:55,061 DEBUG   HandlerThread:3389334 [handler.py:handle_request():138] handle_request: keepalive
2022-10-10 23:16:00,062 DEBUG   HandlerThread:3389334 [handler.py:handle_request():138] handle_request: keepalive
2022-10-10 23:16:05,063 DEBUG   HandlerThread:3389334 [handler.py:handle_request():138] handle_request: keepalive
2022-10-10 23:16:10,064 DEBUG   HandlerThread:3389334 [handler.py:handle_request():138] handle_request: keepalive
2022-10-10 23:16:15,065 DEBUG   HandlerThread:3389334 [handler.py:handle_request():138] handle_request: keepalive
2022-10-10 23:16:20,066 DEBUG   HandlerThread:3389334 [handler.py:handle_request():138] handle_request: keepalive
2022-10-10 23:16:25,067 DEBUG   HandlerThread:3389334 [handler.py:handle_request():138] handle_request: keepalive
2022-10-10 23:16:30,068 DEBUG   HandlerThread:3389334 [handler.py:handle_request():138] handle_request: keepalive
2022-10-10 23:16:35,069 DEBUG   HandlerThread:3389334 [handler.py:handle_request():138] handle_request: keepalive
2022-10-10 23:16:40,070 DEBUG   HandlerThread:3389334 [handler.py:handle_request():138] handle_request: keepalive
2022-10-10 23:16:45,071 DEBUG   HandlerThread:3389334 [handler.py:handle_request():138] handle_request: keepalive
2022-10-10 23:16:50,072 DEBUG   HandlerThread:3389334 [handler.py:handle_request():138] handle_request: keepalive
2022-10-10 23:16:55,073 DEBUG   HandlerThread:3389334 [handler.py:handle_request():138] handle_request: keepalive
2022-10-10 23:17:00,074 DEBUG   HandlerThread:3389334 [handler.py:handle_request():138] handle_request: keepalive
2022-10-10 23:17:05,075 DEBUG   HandlerThread:3389334 [handler.py:handle_request():138] handle_request: keepalive
2022-10-10 23:17:10,076 DEBUG   HandlerThread:3389334 [handler.py:handle_request():138] handle_request: keepalive
2022-10-10 23:17:15,077 DEBUG   HandlerThread:3389334 [handler.py:handle_request():138] handle_request: keepalive
2022-10-10 23:17:20,077 DEBUG   HandlerThread:3389334 [handler.py:handle_request():138] handle_request: keepalive
2022-10-10 23:17:25,079 DEBUG   HandlerThread:3389334 [handler.py:handle_request():138] handle_request: keepalive
2022-10-10 23:17:30,079 DEBUG   HandlerThread:3389334 [handler.py:handle_request():138] handle_request: keepalive
2022-10-10 23:17:35,080 DEBUG   HandlerThread:3389334 [handler.py:handle_request():138] handle_request: keepalive
2022-10-10 23:17:40,082 DEBUG   HandlerThread:3389334 [handler.py:handle_request():138] handle_request: keepalive
2022-10-10 23:17:45,083 DEBUG   HandlerThread:3389334 [handler.py:handle_request():138] handle_request: keepalive
2022-10-10 23:17:50,084 DEBUG   HandlerThread:3389334 [handler.py:handle_request():138] handle_request: keepalive
2022-10-10 23:17:55,085 DEBUG   HandlerThread:3389334 [handler.py:handle_request():138] handle_request: keepalive
2022-10-10 23:18:00,086 DEBUG   HandlerThread:3389334 [handler.py:handle_request():138] handle_request: keepalive
2022-10-10 23:18:05,087 DEBUG   HandlerThread:3389334 [handler.py:handle_request():138] handle_request: keepalive
2022-10-10 23:18:10,088 DEBUG   HandlerThread:3389334 [handler.py:handle_request():138] handle_request: keepalive
2022-10-10 23:18:15,089 DEBUG   HandlerThread:3389334 [handler.py:handle_request():138] handle_request: keepalive
2022-10-10 23:18:20,090 DEBUG   HandlerThread:3389334 [handler.py:handle_request():138] handle_request: keepalive
2022-10-10 23:18:25,091 DEBUG   HandlerThread:3389334 [handler.py:handle_request():138] handle_request: keepalive
